Internal Server Error: /article-list/
Traceback (most recent call last):
  File "/Users/qiaoyu/PycharmProjects/webDjango/venv/lib/python3.8/site-packages/django/template/defaulttags.py", line 1021, in find_library
    return parser.libraries[name]
KeyError: 'my_filters_and_tags'

During handling of the above exception, another exception occurred:

Traceback (most recent call last):
  File "/Users/qiaoyu/PycharmProjects/webDjango/venv/lib/python3.8/site-packages/django/core/handlers/exception.py", line 34, in inner
    response = get_response(request)
  File "/Users/qiaoyu/PycharmProjects/webDjango/venv/lib/python3.8/site-packages/django/core/handlers/base.py", line 115, in _get_response
    response = self.process_exception_by_middleware(e, request)
  File "/Users/qiaoyu/PycharmProjects/webDjango/venv/lib/python3.8/site-packages/django/core/handlers/base.py", line 113, in _get_response
    response = wrapped_callback(request, *callback_args, **callback_kwargs)
  File "/Users/qiaoyu/PycharmProjects/webDjango/app/views.py", line 68, in article_list
    return render(request, 'article/list.html', context)
  File "/Users/qiaoyu/PycharmProjects/webDjango/venv/lib/python3.8/site-packages/django/shortcuts.py", line 19, in render
    content = loader.render_to_string(template_name, context, request, using=using)
  File "/Users/qiaoyu/PycharmProjects/webDjango/venv/lib/python3.8/site-packages/django/template/loader.py", line 61, in render_to_string
    template = get_template(template_name, using=using)
  File "/Users/qiaoyu/PycharmProjects/webDjango/venv/lib/python3.8/site-packages/django/template/loader.py", line 15, in get_template
    return engine.get_template(template_name)
  File "/Users/qiaoyu/PycharmProjects/webDjango/venv/lib/python3.8/site-packages/django/template/backends/django.py", line 34, in get_template
    return Template(self.engine.get_template(template_name), self)
  File "/Users/qiaoyu/PycharmProjects/webDjango/venv/lib/python3.8/site-packages/django/template/engine.py", line 143, in get_template
    template, origin = self.find_template(template_name)
  File "/Users/qiaoyu/PycharmProjects/webDjango/venv/lib/python3.8/site-packages/django/template/engine.py", line 125, in find_template
    template = loader.get_template(name, skip=skip)
  File "/Users/qiaoyu/PycharmProjects/webDjango/venv/lib/python3.8/site-packages/django/template/loaders/base.py", line 29, in get_template
    return Template(
  File "/Users/qiaoyu/PycharmProjects/webDjango/venv/lib/python3.8/site-packages/django/template/base.py", line 156, in __init__
    self.nodelist = self.compile_nodelist()
  File "/Users/qiaoyu/PycharmProjects/webDjango/venv/lib/python3.8/site-packages/django/template/base.py", line 194, in compile_nodelist
    return parser.parse()
  File "/Users/qiaoyu/PycharmProjects/webDjango/venv/lib/python3.8/site-packages/django/template/base.py", line 477, in parse
    raise self.error(token, e)
  File "/Users/qiaoyu/PycharmProjects/webDjango/venv/lib/python3.8/site-packages/django/template/base.py", line 475, in parse
    compiled_result = compile_func(self, token)
  File "/Users/qiaoyu/PycharmProjects/webDjango/venv/lib/python3.8/site-packages/django/template/loader_tags.py", line 266, in do_extends
    nodelist = parser.parse()
  File "/Users/qiaoyu/PycharmProjects/webDjango/venv/lib/python3.8/site-packages/django/template/base.py", line 477, in parse
    raise self.error(token, e)
  File "/Users/qiaoyu/PycharmProjects/webDjango/venv/lib/python3.8/site-packages/django/template/base.py", line 475, in parse
    compiled_result = compile_func(self, token)
  File "/Users/qiaoyu/PycharmProjects/webDjango/venv/lib/python3.8/site-packages/django/template/defaulttags.py", line 1078, in load
    lib = find_library(parser, name)
  File "/Users/qiaoyu/PycharmProjects/webDjango/venv/lib/python3.8/site-packages/django/template/defaulttags.py", line 1023, in find_library
    raise TemplateSyntaxError(
django.template.exceptions.TemplateSyntaxError: 'my_filters_and_tags' is not a registered tag library. Must be one of:
account
admin_list
admin_modify
admin_urls
cache
i18n
imagekit
l10n
log
mptt_admin
mptt_tags
notifications_tags
socialaccount
static
tz
"GET /article-list/ HTTP/1.1" 500 164555
"GET /media/article/20200823/636590355900016846-AP-Earns-Bank-of-America.jpg HTTP/1.1" 304 0
"GET /media/article/20200823/636590355900016846-AP-Earns-Bank-of-America_LmFj4rn.jpg HTTP/1.1" 304 0
"GET /media/article/20200825/636590355900016846-AP-Earns-Bank-of-America_5Wt175p.jpg HTTP/1.1" 304 0
Watching for file changes with StatReloader
"GET /article-list/ HTTP/1.1" 200 14902
"GET /article-detail/42/ HTTP/1.1" 200 23451
/Users/qiaoyu/PycharmProjects/webDjango/app/templatetags/my_filters_and_tags.py changed, reloading.
Watching for file changes with StatReloader
"GET /article-list/ HTTP/1.1" 200 14902
"GET /article-detail/41/ HTTP/1.1" 200 31718
"GET /static/ckeditor/ckeditor/plugins/smiley/images/heart.png HTTP/1.1" 200 999
"GET /article-detail/41/ HTTP/1.1" 200 31718
"GET /article-detail/41/ HTTP/1.1" 200 31718
"GET /article-detail/41/ HTTP/1.1" 200 31718
"GET /article-list/ HTTP/1.1" 200 14902
"GET /article-detail/40/ HTTP/1.1" 200 25654
"GET /comment/post-comment/40/24 HTTP/1.1" 200 3611
"GET /static/csrf.js HTTP/1.1" 304 0
"GET /static/popper/popper-1.14.4.js HTTP/1.1" 304 0
"GET /static/jquery/jquery-3.3.1.js HTTP/1.1" 304 0
"POST /comment/post-comment/40/24 HTTP/1.1" 200 40
"GET /article-detail/40 HTTP/1.1" 301 0
"GET /article-detail/40/ HTTP/1.1" 200 27798
Not Found: /favicon.ico
"GET /favicon.ico HTTP/1.1" 404 3626
Watching for file changes with StatReloader
"GET / HTTP/1.1" 200 14904
"GET /media/article/20200825/636590355900016846-AP-Earns-Bank-of-America_5Wt175p.jpg HTTP/1.1" 304 0
Internal Server Error: /article-detail/40/
Traceback (most recent call last):
  File "/Users/qiaoyu/PycharmProjects/webDjango/venv/lib/python3.8/site-packages/django/urls/base.py", line 72, in reverse
    extra, resolver = resolver.namespace_dict[ns]
KeyError: 'article'

During handling of the above exception, another exception occurred:

Traceback (most recent call last):
  File "/Users/qiaoyu/PycharmProjects/webDjango/venv/lib/python3.8/site-packages/django/core/handlers/exception.py", line 34, in inner
    response = get_response(request)
  File "/Users/qiaoyu/PycharmProjects/webDjango/venv/lib/python3.8/site-packages/django/core/handlers/base.py", line 115, in _get_response
    response = self.process_exception_by_middleware(e, request)
  File "/Users/qiaoyu/PycharmProjects/webDjango/venv/lib/python3.8/site-packages/django/core/handlers/base.py", line 113, in _get_response
    response = wrapped_callback(request, *callback_args, **callback_kwargs)
  File "/Users/qiaoyu/PycharmProjects/webDjango/app/views.py", line 101, in article_detail
    return render(request, 'article/detail.html', context)
  File "/Users/qiaoyu/PycharmProjects/webDjango/venv/lib/python3.8/site-packages/django/shortcuts.py", line 19, in render
    content = loader.render_to_string(template_name, context, request, using=using)
  File "/Users/qiaoyu/PycharmProjects/webDjango/venv/lib/python3.8/site-packages/django/template/loader.py", line 62, in render_to_string
    return template.render(context, request)
  File "/Users/qiaoyu/PycharmProjects/webDjango/venv/lib/python3.8/site-packages/django/template/backends/django.py", line 61, in render
    return self.template.render(context)
  File "/Users/qiaoyu/PycharmProjects/webDjango/venv/lib/python3.8/site-packages/django/template/base.py", line 171, in render
    return self._render(context)
  File "/Users/qiaoyu/PycharmProjects/webDjango/venv/lib/python3.8/site-packages/django/template/base.py", line 163, in _render
    return self.nodelist.render(context)
  File "/Users/qiaoyu/PycharmProjects/webDjango/venv/lib/python3.8/site-packages/django/template/base.py", line 936, in render
    bit = node.render_annotated(context)
  File "/Users/qiaoyu/PycharmProjects/webDjango/venv/lib/python3.8/site-packages/django/template/base.py", line 903, in render_annotated
    return self.render(context)
  File "/Users/qiaoyu/PycharmProjects/webDjango/venv/lib/python3.8/site-packages/django/template/loader_tags.py", line 150, in render
    return compiled_parent._render(context)
  File "/Users/qiaoyu/PycharmProjects/webDjango/venv/lib/python3.8/site-packages/django/template/base.py", line 163, in _render
    return self.nodelist.render(context)
  File "/Users/qiaoyu/PycharmProjects/webDjango/venv/lib/python3.8/site-packages/django/template/base.py", line 936, in render
    bit = node.render_annotated(context)
  File "/Users/qiaoyu/PycharmProjects/webDjango/venv/lib/python3.8/site-packages/django/template/base.py", line 903, in render_annotated
    return self.render(context)
  File "/Users/qiaoyu/PycharmProjects/webDjango/venv/lib/python3.8/site-packages/django/template/loader_tags.py", line 62, in render
    result = block.nodelist.render(context)
  File "/Users/qiaoyu/PycharmProjects/webDjango/venv/lib/python3.8/site-packages/django/template/base.py", line 936, in render
    bit = node.render_annotated(context)
  File "/Users/qiaoyu/PycharmProjects/webDjango/venv/lib/python3.8/site-packages/django/template/base.py", line 903, in render_annotated
    return self.render(context)
  File "/Users/qiaoyu/PycharmProjects/webDjango/venv/lib/python3.8/site-packages/django/template/defaulttags.py", line 443, in render
    url = reverse(view_name, args=args, kwargs=kwargs, current_app=current_app)
  File "/Users/qiaoyu/PycharmProjects/webDjango/venv/lib/python3.8/site-packages/django/urls/base.py", line 83, in reverse
    raise NoReverseMatch("%s is not a registered namespace" % key)
django.urls.exceptions.NoReverseMatch: 'article' is not a registered namespace
"GET /article-detail/40/ HTTP/1.1" 500 176401
"GET /article-detail/40/ HTTP/1.1" 200 33586
"GET /static/csrf.js HTTP/1.1" 304 0
"GET /static/ckeditor/ckeditor-init.js HTTP/1.1" 304 0
"GET /static/ckeditor/ckeditor/ckeditor.js HTTP/1.1" 304 0
"GET /static/ckeditor/ckeditor/config.js?t=JB9C HTTP/1.1" 304 0
"GET /static/ckeditor/ckeditor/lang/en.js?t=JB9C HTTP/1.1" 304 0
"GET /static/ckeditor/ckeditor/skins/moono-lisa/editor.css?t=JB9C HTTP/1.1" 304 0
"GET /static/ckeditor/ckeditor/styles.js?t=JB9C HTTP/1.1" 304 0
"GET /static/ckeditor/ckeditor/plugins/codesnippet/plugin.js?t=JB9C HTTP/1.1" 304 0
"GET /static/ckeditor/ckeditor/plugins/scayt/skins/moono-lisa/scayt.css?t=JB9C HTTP/1.1" 304 0
"GET /static/ckeditor/ckeditor/plugins/wsc/skins/moono-lisa/wsc.css?t=JB9C HTTP/1.1" 304 0
"GET /static/ckeditor/ckeditor/plugins/scayt/dialogs/dialog.css?t=JB9C HTTP/1.1" 304 0
"GET /static/ckeditor/ckeditor/plugins/tableselection/styles/tableselection.css HTTP/1.1" 304 0
"GET /static/ckeditor/ckeditor/plugins/codesnippet/lang/en.js?t=JB9C HTTP/1.1" 304 0
"GET /static/ckeditor/ckeditor/plugins/dialog/styles/dialog.css HTTP/1.1" 304 0
"GET /static/ckeditor/ckeditor/plugins/copyformatting/styles/copyformatting.css HTTP/1.1" 304 0
"GET /static/ckeditor/ckeditor/contents.css?t=JB9C HTTP/1.1" 304 0
"GET /static/ckeditor/ckeditor/plugins/codesnippet/icons/hidpi/codesnippet.png?t=JB9C HTTP/1.1" 304 0
"GET /static/ckeditor/ckeditor/skins/moono-lisa/icons_hidpi.png?t=411985373e HTTP/1.1" 304 0
"POST /increase-likes/40/ HTTP/1.1" 200 7
"GET /article-list/ HTTP/1.1" 200 14904
"GET /article-detail/40/ HTTP/1.1" 200 33586
"GET /article-list/ HTTP/1.1" 200 14904
"GET /article-detail/41/ HTTP/1.1" 200 37506
"GET /static/ckeditor/ckeditor/plugins/smiley/images/heart.png HTTP/1.1" 200 999
"POST /increase-likes/41/ HTTP/1.1" 200 7
"GET /article-list/ HTTP/1.1" 200 14904
